<?xml version="1.0" encoding="UTF-8"?>
<testsuite xmlns:xsi="http://www.w3.org/2001/XMLSchema-instance" xsi:noNamespaceSchemaLocation="https://maven.apache.org/surefire/maven-surefire-plugin/xsd/surefire-test-report-3.0.xsd" version="3.0" name="TestSuite" time="36.319" tests="5" errors="0" skipped="0" failures="0">
  <properties>
[...]
</properties>
  <testcase name="AddingCust" classname="Tests.TC01_AddingCustomer" time="2.62">
    <system-out><![CDATA[[INFO] 12-10-2024 03:53:02 [main] [Tests.TC01_AddingCustomer.setup(TC01_AddingCustomer.java:42)]  - null
[INFO] 12-10-2024 03:53:07 [main] [Tests.TC01_AddingCustomer.setup(TC01_AddingCustomer.java:44)]  - chrome driver is opened
[INFO] 12-10-2024 03:53:09 [main] [Tests.TC01_AddingCustomer.setup(TC01_AddingCustomer.java:46)]  - Page is redirected to the URL
[INFO] 12-10-2024 03:53:09 [main] [Listeners.IInvokedMethodListenerClass.afterInvocation(IInvokedMethodListenerClass.java:32)]  - Test Case setup passed
[INFO] 12-10-2024 03:53:09 [main] [Listeners.ITestResultListenerClass.onTestStart(ITestResultListenerClass.java:9)]  - Test Case AddingCust started
Message appeared successfully
[INFO] 12-10-2024 03:53:11 [main] [Listeners.IInvokedMethodListenerClass.afterInvocation(IInvokedMethodListenerClass.java:32)]  - Test Case AddingCust passed
]]></system-out>
    <system-err><![CDATA[Oct 12, 2024 3:53:07 AM org.openqa.selenium.devtools.CdpVersionFinder findNearestMatch
WARNING: Unable to find CDP implementation matching 129
Oct 12, 2024 3:53:07 AM org.openqa.selenium.chromium.ChromiumDriver lambda$new$5
WARNING: Unable to find version of CDP to use for 129.0.6668.90. You may need to include a dependency on a specific version of the CDP using something similar to `org.seleniumhq.selenium:selenium-devtools-v86:4.18.1` where the version ("v86") matches the version of the chromium-based browser you're using and the version number of the artifact is the same as Selenium's.
]]></system-err>
  </testcase>
  <testcase name="AddingCus" classname="Tests.TC02_OpenAcc" time="2.596">
    <system-out><![CDATA[[INFO] 12-10-2024 03:53:12 [main] [Listeners.IInvokedMethodListenerClass.afterInvocation(IInvokedMethodListenerClass.java:32)]  - Test Case quit passed
[INFO] 12-10-2024 03:53:12 [main] [Tests.TC02_OpenAcc.setup(TC02_OpenAcc.java:38)]  - null
[INFO] 12-10-2024 03:53:14 [main] [Tests.TC02_OpenAcc.setup(TC02_OpenAcc.java:40)]  - chrome driver is opened
[INFO] 12-10-2024 03:53:16 [main] [Tests.TC02_OpenAcc.setup(TC02_OpenAcc.java:42)]  - Page is redirected to the URL
[INFO] 12-10-2024 03:53:16 [main] [Listeners.IInvokedMethodListenerClass.afterInvocation(IInvokedMethodListenerClass.java:32)]  - Test Case setup passed
[INFO] 12-10-2024 03:53:16 [main] [Listeners.ITestResultListenerClass.onTestStart(ITestResultListenerClass.java:9)]  - Test Case AddingCus started
Message appeared successfully
[INFO] 12-10-2024 03:53:18 [main] [Listeners.IInvokedMethodListenerClass.afterInvocation(IInvokedMethodListenerClass.java:32)]  - Test Case AddingCus passed
]]></system-out>
    <system-err><![CDATA[Oct 12, 2024 3:53:14 AM org.openqa.selenium.devtools.CdpVersionFinder findNearestMatch
WARNING: Unable to find CDP implementation matching 129
Oct 12, 2024 3:53:14 AM org.openqa.selenium.chromium.ChromiumDriver lambda$new$5
WARNING: Unable to find version of CDP to use for 129.0.6668.90. You may need to include a dependency on a specific version of the CDP using something similar to `org.seleniumhq.selenium:selenium-devtools-v86:4.18.1` where the version ("v86") matches the version of the chromium-based browser you're using and the version number of the artifact is the same as Selenium's.
]]></system-err>
  </testcase>
  <testcase name="OpeningAccount" classname="Tests.TC02_OpenAcc" time="2.24">
    <system-out><![CDATA[[INFO] 12-10-2024 03:53:18 [main] [Listeners.ITestResultListenerClass.onTestStart(ITestResultListenerClass.java:9)]  - Test Case OpeningAccount started
Acc. Number is1016
Message appeared successfully
[INFO] 12-10-2024 03:53:21 [main] [Listeners.IInvokedMethodListenerClass.afterInvocation(IInvokedMethodListenerClass.java:32)]  - Test Case OpeningAccount passed
]]></system-out>
  </testcase>
  <testcase name="validLoginTC" classname="Tests.TC03_Searching" time="2.971">
    <system-out><![CDATA[[INFO] 12-10-2024 03:53:21 [main] [Listeners.IInvokedMethodListenerClass.afterInvocation(IInvokedMethodListenerClass.java:32)]  - Test Case quit passed
[INFO] 12-10-2024 03:53:21 [main] [Tests.TC03_Searching.setup(TC03_Searching.java:36)]  - null
[INFO] 12-10-2024 03:53:23 [main] [Tests.TC03_Searching.setup(TC03_Searching.java:38)]  - chrome driver is opened
[INFO] 12-10-2024 03:53:24 [main] [Tests.TC03_Searching.setup(TC03_Searching.java:40)]  - Page is redirected to the URL
[INFO] 12-10-2024 03:53:24 [main] [Listeners.IInvokedMethodListenerClass.afterInvocation(IInvokedMethodListenerClass.java:32)]  - Test Case setup passed
[INFO] 12-10-2024 03:53:24 [main] [Listeners.ITestResultListenerClass.onTestStart(ITestResultListenerClass.java:9)]  - Test Case validLoginTC started
Message appeared successfully
Not Existed!
[INFO] 12-10-2024 03:53:27 [main] [Listeners.IInvokedMethodListenerClass.afterInvocation(IInvokedMethodListenerClass.java:32)]  - Test Case validLoginTC passed
]]></system-out>
    <system-err><![CDATA[Oct 12, 2024 3:53:23 AM org.openqa.selenium.devtools.CdpVersionFinder findNearestMatch
WARNING: Unable to find CDP implementation matching 129
Oct 12, 2024 3:53:23 AM org.openqa.selenium.chromium.ChromiumDriver lambda$new$5
WARNING: Unable to find version of CDP to use for 129.0.6668.90. You may need to include a dependency on a specific version of the CDP using something similar to `org.seleniumhq.selenium:selenium-devtools-v86:4.18.1` where the version ("v86") matches the version of the chromium-based browser you're using and the version number of the artifact is the same as Selenium's.
]]></system-err>
  </testcase>
  <testcase name="SortingPostcode" classname="Tests.TC04_Sorting" time="1.766">
    <system-out><![CDATA[[INFO] 12-10-2024 03:53:28 [main] [Listeners.IInvokedMethodListenerClass.afterInvocation(IInvokedMethodListenerClass.java:32)]  - Test Case quit passed
[INFO] 12-10-2024 03:53:28 [main] [Tests.TC04_Sorting.setup(TC04_Sorting.java:29)]  - null
[INFO] 12-10-2024 03:53:30 [main] [Tests.TC04_Sorting.setup(TC04_Sorting.java:31)]  - chrome driver is opened
[INFO] 12-10-2024 03:53:31 [main] [Tests.TC04_Sorting.setup(TC04_Sorting.java:33)]  - Page is redirected to the URL
[INFO] 12-10-2024 03:53:31 [main] [Listeners.IInvokedMethodListenerClass.afterInvocation(IInvokedMethodListenerClass.java:32)]  - Test Case setup passed
[INFO] 12-10-2024 03:53:31 [main] [Listeners.ITestResultListenerClass.onTestStart(ITestResultListenerClass.java:9)]  - Test Case SortingPostcode started
Items are ordered : Descending
Items are ordered : Ascending
[INFO] 12-10-2024 03:53:33 [main] [Listeners.IInvokedMethodListenerClass.afterInvocation(IInvokedMethodListenerClass.java:32)]  - Test Case SortingPostcode passed
]]></system-out>
    <system-err><![CDATA[Oct 12, 2024 3:53:30 AM org.openqa.selenium.devtools.CdpVersionFinder findNearestMatch
WARNING: Unable to find CDP implementation matching 129
Oct 12, 2024 3:53:30 AM org.openqa.selenium.chromium.ChromiumDriver lambda$new$5
WARNING: Unable to find version of CDP to use for 129.0.6668.90. You may need to include a dependency on a specific version of the CDP using something similar to `org.seleniumhq.selenium:selenium-devtools-v86:4.18.1` where the version ("v86") matches the version of the chromium-based browser you're using and the version number of the artifact is the same as Selenium's.
]]></system-err>
  </testcase>
</testsuite>