<?xml version="1.0" encoding="UTF-8"?>
<testng-results ignored="0" total="5" passed="5" failed="0" skipped="0">
  <reporter-output>
  </reporter-output>
  <suite started-at="2024-10-12T03:53:00 EEST" name="Full Tests" finished-at="2024-10-12T03:53:33 EEST" duration-ms="33441">
    <groups>
    </groups>
    <test started-at="2024-10-12T03:53:00 EEST" name="AddingCustomer" finished-at="2024-10-12T03:53:12 EEST" duration-ms="12412">
      <class name="Tests.TC01_AddingCustomer">
        <test-method is-config="true" signature="setup()[pri:0, instance:Tests.TC01_AddingCustomer@676ff3b0]" started-at="2024-10-12T03:53:00 EEST" name="setup" finished-at="2024-10-12T03:53:09 EEST" duration-ms="9122" status="PASS">
          <reporter-output>
          </reporter-output>
        </test-method> <!-- setup -->
        <test-method signature="AddingCust()[pri:0, instance:Tests.TC01_AddingCustomer@676ff3b0]" started-at="2024-10-12T03:53:09 EEST" name="AddingCust" finished-at="2024-10-12T03:53:11 EEST" duration-ms="2173" status="PASS">
          <reporter-output>
          </reporter-output>
        </test-method> <!-- AddingCust -->
        <test-method is-config="true" signature="quit()[pri:0, instance:Tests.TC01_AddingCustomer@676ff3b0]" started-at="2024-10-12T03:53:12 EEST" name="quit" finished-at="2024-10-12T03:53:12 EEST" duration-ms="478" status="PASS">
          <reporter-output>
          </reporter-output>
        </test-method> <!-- quit -->
      </class> <!-- Tests.TC01_AddingCustomer -->
    </test> <!-- AddingCustomer -->
    <test started-at="2024-10-12T03:53:12 EEST" name="OpenAcc" finished-at="2024-10-12T03:53:21 EEST" duration-ms="8662">
      <class name="Tests.TC02_OpenAcc">
        <test-method is-config="true" signature="setup()[pri:0, instance:Tests.TC02_OpenAcc@27d57a2c]" started-at="2024-10-12T03:53:12 EEST" name="setup" finished-at="2024-10-12T03:53:16 EEST" duration-ms="3437" status="PASS">
          <reporter-output>
          </reporter-output>
        </test-method> <!-- setup -->
        <test-method signature="AddingCus()[pri:1, instance:Tests.TC02_OpenAcc@27d57a2c]" started-at="2024-10-12T03:53:16 EEST" name="AddingCus" finished-at="2024-10-12T03:53:18 EEST" duration-ms="2570" status="PASS">
          <reporter-output>
          </reporter-output>
        </test-method> <!-- AddingCus -->
        <test-method signature="OpeningAccount()[pri:2, instance:Tests.TC02_OpenAcc@27d57a2c]" started-at="2024-10-12T03:53:18 EEST" name="OpeningAccount" finished-at="2024-10-12T03:53:21 EEST" duration-ms="2231" status="PASS">
          <reporter-output>
          </reporter-output>
        </test-method> <!-- OpeningAccount -->
        <test-method is-config="true" signature="quit()[pri:0, instance:Tests.TC02_OpenAcc@27d57a2c]" started-at="2024-10-12T03:53:21 EEST" name="quit" finished-at="2024-10-12T03:53:21 EEST" duration-ms="390" status="PASS">
          <reporter-output>
          </reporter-output>
        </test-method> <!-- quit -->
      </class> <!-- Tests.TC02_OpenAcc -->
    </test> <!-- OpenAcc -->
    <test started-at="2024-10-12T03:53:21 EEST" name="Searcing" finished-at="2024-10-12T03:53:28 EEST" duration-ms="6648">
      <class name="Tests.TC03_Searching">
        <test-method is-config="true" signature="setup()[pri:0, instance:Tests.TC03_Searching@35088e87]" started-at="2024-10-12T03:53:21 EEST" name="setup" finished-at="2024-10-12T03:53:24 EEST" duration-ms="3301" status="PASS">
          <reporter-output>
          </reporter-output>
        </test-method> <!-- setup -->
        <test-method signature="validLoginTC()[pri:0, instance:Tests.TC03_Searching@35088e87]" started-at="2024-10-12T03:53:24 EEST" name="validLoginTC" finished-at="2024-10-12T03:53:27 EEST" duration-ms="2958" status="PASS">
          <reporter-output>
          </reporter-output>
        </test-method> <!-- validLoginTC -->
        <test-method is-config="true" signature="quit()[pri:0, instance:Tests.TC03_Searching@35088e87]" started-at="2024-10-12T03:53:27 EEST" name="quit" finished-at="2024-10-12T03:53:28 EEST" duration-ms="371" status="PASS">
          <reporter-output>
          </reporter-output>
        </test-method> <!-- quit -->
      </class> <!-- Tests.TC03_Searching -->
    </test> <!-- Searcing -->
    <test started-at="2024-10-12T03:53:28 EEST" name="Sorting" finished-at="2024-10-12T03:53:33 EEST" duration-ms="5373">
      <class name="Tests.TC04_Sorting">
        <test-method is-config="true" signature="setup()[pri:0, instance:Tests.TC04_Sorting@59532566]" started-at="2024-10-12T03:53:28 EEST" name="setup" finished-at="2024-10-12T03:53:31 EEST" duration-ms="3263" status="PASS">
          <reporter-output>
          </reporter-output>
        </test-method> <!-- setup -->
        <test-method signature="SortingPostcode()[pri:0, instance:Tests.TC04_Sorting@59532566]" started-at="2024-10-12T03:53:31 EEST" name="SortingPostcode" finished-at="2024-10-12T03:53:33 EEST" duration-ms="1762" status="PASS">
          <reporter-output>
          </reporter-output>
        </test-method> <!-- SortingPostcode -->
        <test-method is-config="true" signature="quit()[pri:0, instance:Tests.TC04_Sorting@59532566]" started-at="2024-10-12T03:53:33 EEST" name="quit" finished-at="2024-10-12T03:53:33 EEST" duration-ms="323" status="PASS">
          <reporter-output>
          </reporter-output>
        </test-method> <!-- quit -->
      </class> <!-- Tests.TC04_Sorting -->
    </test> <!-- Sorting -->
  </suite> <!-- Full Tests -->
</testng-results>
